Analysis & Synthesis report for FirstFPGA
Wed Apr 01 12:49:44 2015
Quartus II 32-bit Version 13.1.0 Build 162 10/23/2013 SJ Full Version


---------------------
; Table of Contents ;
---------------------
  1. Legal Notice
  2. Analysis & Synthesis Summary
  3. Analysis & Synthesis Settings
  4. Parallel Compilation
  5. Analysis & Synthesis Source Files Read
  6. Analysis & Synthesis Resource Usage Summary
  7. Analysis & Synthesis Resource Utilization by Entity
  8. Registers Removed During Synthesis
  9. General Register Statistics
 10. Parameter Settings for User Entity Instance: simple_cnt:counter
 11. Port Connectivity Checks: "simple_cnt:counter"
 12. Elapsed Time Per Partition
 13. Analysis & Synthesis Messages
 14. Analysis & Synthesis Suppressed Messages



----------------
; Legal Notice ;
----------------
Copyright (C) 1991-2013 Altera Corporation
Your use of Altera Corporation's design tools, logic functions 
and other software and tools, and its AMPP partner logic 
functions, and any output files from any of the foregoing 
(including device programming or simulation files), and any 
associated documentation or information are expressly subject 
to the terms and conditions of the Altera Program License 
Subscription Agreement, Altera MegaCore Function License 
Agreement, or other applicable license agreement, including, 
without limitation, that your use is for the sole purpose of 
programming logic devices manufactured by Altera and sold by 
Altera or its authorized distributors.  Please refer to the 
applicable agreement for further details.



+----------------------------------------------------------------------------------+
; Analysis & Synthesis Summary                                                     ;
+------------------------------------+---------------------------------------------+
; Analysis & Synthesis Status        ; Successful - Wed Apr 01 12:49:43 2015       ;
; Quartus II 32-bit Version          ; 13.1.0 Build 162 10/23/2013 SJ Full Version ;
; Revision Name                      ; FirstFPGA                                   ;
; Top-level Entity Name              ; LEDBlinkFPGA                                ;
; Family                             ; Cyclone IV E                                ;
; Total logic elements               ; 43                                          ;
;     Total combinational functions  ; 42                                          ;
;     Dedicated logic registers      ; 25                                          ;
; Total registers                    ; 25                                          ;
; Total pins                         ; 10                                          ;
; Total virtual pins                 ; 0                                           ;
; Total memory bits                  ; 0                                           ;
; Embedded Multiplier 9-bit elements ; 0                                           ;
; Total PLLs                         ; 0                                           ;
+------------------------------------+---------------------------------------------+


+----------------------------------------------------------------------------------------------------------------------+
; Analysis & Synthesis Settings                                                                                        ;
+----------------------------------------------------------------------------+--------------------+--------------------+
; Option                                                                     ; Setting            ; Default Value      ;
+----------------------------------------------------------------------------+--------------------+--------------------+
; Device                                                                     ; EP4CE22F17C6       ;                    ;
; Top-level entity name                                                      ; LEDBlinkFPGA       ; FirstFPGA          ;
; Family name                                                                ; Cyclone IV E       ; Cyclone IV GX      ;
; Use smart compilation                                                      ; Off                ; Off                ;
; Enable parallel Assembler and TimeQuest Timing Analyzer during compilation ; On                 ; On                 ;
; Enable compact report table                                                ; Off                ; Off                ;
; Restructure Multiplexers                                                   ; Auto               ; Auto               ;
; Create Debugging Nodes for IP Cores                                        ; Off                ; Off                ;
; Preserve fewer node names                                                  ; On                 ; On                 ;
; Disable OpenCore Plus hardware evaluation                                  ; Off                ; Off                ;
; Verilog Version                                                            ; Verilog_2001       ; Verilog_2001       ;
; VHDL Version                                                               ; VHDL_1993          ; VHDL_1993          ;
; State Machine Processing                                                   ; Auto               ; Auto               ;
; Safe State Machine                                                         ; Off                ; Off                ;
; Extract Verilog State Machines                                             ; On                 ; On                 ;
; Extract VHDL State Machines                                                ; On                 ; On                 ;
; Ignore Verilog initial constructs                                          ; Off                ; Off                ;
; Iteration limit for constant Verilog loops                                 ; 5000               ; 5000               ;
; Iteration limit for non-constant Verilog loops                             ; 250                ; 250                ;
; Add Pass-Through Logic to Inferred RAMs                                    ; On                 ; On                 ;
; Infer RAMs from Raw Logic                                                  ; On                 ; On                 ;
; Parallel Synthesis                                                         ; On                 ; On                 ;
; DSP Block Balancing                                                        ; Auto               ; Auto               ;
; NOT Gate Push-Back                                                         ; On                 ; On                 ;
; Power-Up Don't Care                                                        ; On                 ; On                 ;
; Remove Redundant Logic Cells                                               ; Off                ; Off                ;
; Remove Duplicate Registers                                                 ; On                 ; On                 ;
; Ignore CARRY Buffers                                                       ; Off                ; Off                ;
; Ignore CASCADE Buffers                                                     ; Off                ; Off                ;
; Ignore GLOBAL Buffers                                                      ; Off                ; Off                ;
; Ignore ROW GLOBAL Buffers                                                  ; Off                ; Off                ;
; Ignore LCELL Buffers                                                       ; Off                ; Off                ;
; Ignore SOFT Buffers                                                        ; On                 ; On                 ;
; Limit AHDL Integers to 32 Bits                                             ; Off                ; Off                ;
; Optimization Technique                                                     ; Balanced           ; Balanced           ;
; Carry Chain Length                                                         ; 70                 ; 70                 ;
; Auto Carry Chains                                                          ; On                 ; On                 ;
; Auto Open-Drain Pins                                                       ; On                 ; On                 ;
; Perform WYSIWYG Primitive Resynthesis                                      ; Off                ; Off                ;
; Auto ROM Replacement                                                       ; On                 ; On                 ;
; Auto RAM Replacement                                                       ; On                 ; On                 ;
; Auto DSP Block Replacement                                                 ; On                 ; On                 ;
; Auto Shift Register Replacement                                            ; Auto               ; Auto               ;
; Allow Shift Register Merging across Hierarchies                            ; Auto               ; Auto               ;
; Auto Clock Enable Replacement                                              ; On                 ; On                 ;
; Strict RAM Replacement                                                     ; Off                ; Off                ;
; Allow Synchronous Control Signals                                          ; On                 ; On                 ;
; Force Use of Synchronous Clear Signals                                     ; Off                ; Off                ;
; Auto RAM Block Balancing                                                   ; On                 ; On                 ;
; Auto RAM to Logic Cell Conversion                                          ; Off                ; Off                ;
; Auto Resource Sharing                                                      ; Off                ; Off                ;
; Allow Any RAM Size For Recognition                                         ; Off                ; Off                ;
; Allow Any ROM Size For Recognition                                         ; Off                ; Off                ;
; Allow Any Shift Register Size For Recognition                              ; Off                ; Off                ;
; Use LogicLock Constraints during Resource Balancing                        ; On                 ; On                 ;
; Ignore translate_off and synthesis_off directives                          ; Off                ; Off                ;
; Timing-Driven Synthesis                                                    ; On                 ; On                 ;
; Report Parameter Settings                                                  ; On                 ; On                 ;
; Report Source Assignments                                                  ; On                 ; On                 ;
; Report Connectivity Checks                                                 ; On                 ; On                 ;
; Ignore Maximum Fan-Out Assignments                                         ; Off                ; Off                ;
; Synchronization Register Chain Length                                      ; 2                  ; 2                  ;
; PowerPlay Power Optimization                                               ; Normal compilation ; Normal compilation ;
; HDL message level                                                          ; Level2             ; Level2             ;
; Suppress Register Optimization Related Messages                            ; Off                ; Off                ;
; Number of Removed Registers Reported in Synthesis Report                   ; 5000               ; 5000               ;
; Number of Swept Nodes Reported in Synthesis Report                         ; 5000               ; 5000               ;
; Number of Inverted Registers Reported in Synthesis Report                  ; 100                ; 100                ;
; Clock MUX Protection                                                       ; On                 ; On                 ;
; Auto Gated Clock Conversion                                                ; Off                ; Off                ;
; Block Design Naming                                                        ; Auto               ; Auto               ;
; SDC constraint protection                                                  ; Off                ; Off                ;
; Synthesis Effort                                                           ; Auto               ; Auto               ;
; Shift Register Replacement - Allow Asynchronous Clear Signal               ; On                 ; On                 ;
; Pre-Mapping Resynthesis Optimization                                       ; Off                ; Off                ;
; Analysis & Synthesis Message Level                                         ; Medium             ; Medium             ;
; Disable Register Merging Across Hierarchies                                ; Auto               ; Auto               ;
; Resource Aware Inference For Block RAM                                     ; On                 ; On                 ;
; Synthesis Seed                                                             ; 1                  ; 1                  ;
+----------------------------------------------------------------------------+--------------------+--------------------+


+------------------------------------------+
; Parallel Compilation                     ;
+----------------------------+-------------+
; Processors                 ; Number      ;
+----------------------------+-------------+
; Number detected on machine ; 2           ;
; Maximum allowed            ; 2           ;
;                            ;             ;
; Average used               ; 1.00        ;
; Maximum used               ; 1           ;
;                            ;             ;
; Usage by Processor         ; % Time Used ;
;     Processor 1            ; 100.0%      ;
;     Processor 2            ;   0.0%      ;
+----------------------------+-------------+


+------------------------------------------------------------------------------------------------------------------------+
; Analysis & Synthesis Source Files Read                                                                                 ;
+----------------------------------+-----------------+------------------------+--------------------------------+---------+
; File Name with User-Entered Path ; Used in Netlist ; File Type              ; File Name with Absolute Path   ; Library ;
+----------------------------------+-----------------+------------------------+--------------------------------+---------+
; ../src/simple_cnt.v              ; yes             ; User Verilog HDL File  ; U:/ECE551~2/src/simple_cnt.v   ;         ;
; ../src/reset_synch.v             ; yes             ; User Verilog HDL File  ; U:/ECE551~2/src/reset_synch.v  ;         ;
; ../src/LEDBlinkFPGA.v            ; yes             ; User Verilog HDL File  ; U:/ECE551~2/src/LEDBlinkFPGA.v ;         ;
; ../src/PWM.v                     ; yes             ; User Verilog HDL File  ; U:/ECE551~2/src/PWM.v          ;         ;
+----------------------------------+-----------------+------------------------+--------------------------------+---------+


+---------------------------------------------------------+
; Analysis & Synthesis Resource Usage Summary             ;
+---------------------------------------------+-----------+
; Resource                                    ; Usage     ;
+---------------------------------------------+-----------+
; Estimated Total logic elements              ; 43        ;
;                                             ;           ;
; Total combinational functions               ; 42        ;
; Logic element usage by number of LUT inputs ;           ;
;     -- 4 input functions                    ; 2         ;
;     -- 3 input functions                    ; 8         ;
;     -- <=2 input functions                  ; 32        ;
;                                             ;           ;
; Logic elements by mode                      ;           ;
;     -- normal mode                          ; 9         ;
;     -- arithmetic mode                      ; 33        ;
;                                             ;           ;
; Total registers                             ; 25        ;
;     -- Dedicated logic registers            ; 25        ;
;     -- I/O registers                        ; 0         ;
;                                             ;           ;
; I/O pins                                    ; 10        ;
; Embedded Multiplier 9-bit elements          ; 0         ;
; Maximum fan-out node                        ; clk~input ;
; Maximum fan-out                             ; 25        ;
; Total fan-out                               ; 181       ;
; Average fan-out                             ; 2.08      ;
+---------------------------------------------+-----------+


+-------------------------------------------------------------------------------------------------------------------------------------------------------------------------------------------+
; Analysis & Synthesis Resource Utilization by Entity                                                                                                                                       ;
+----------------------------+-------------------+--------------+-------------+--------------+---------+-----------+------+--------------+-----------------------------------+--------------+
; Compilation Hierarchy Node ; LC Combinationals ; LC Registers ; Memory Bits ; DSP Elements ; DSP 9x9 ; DSP 18x18 ; Pins ; Virtual Pins ; Full Hierarchy Name               ; Library Name ;
+----------------------------+-------------------+--------------+-------------+--------------+---------+-----------+------+--------------+-----------------------------------+--------------+
; |LEDBlinkFPGA              ; 42 (0)            ; 25 (0)       ; 0           ; 0            ; 0       ; 0         ; 10   ; 0            ; |LEDBlinkFPGA                     ; work         ;
;    |PWM:led_pwm|           ; 18 (18)           ; 11 (11)      ; 0           ; 0            ; 0       ; 0         ; 0    ; 0            ; |LEDBlinkFPGA|PWM:led_pwm         ; work         ;
;    |reset_synch:rstsync|   ; 3 (3)             ; 2 (2)        ; 0           ; 0            ; 0       ; 0         ; 0    ; 0            ; |LEDBlinkFPGA|reset_synch:rstsync ; work         ;
;    |simple_cnt:counter|    ; 21 (21)           ; 12 (12)      ; 0           ; 0            ; 0       ; 0         ; 0    ; 0            ; |LEDBlinkFPGA|simple_cnt:counter  ; work         ;
+----------------------------+-------------------+--------------+-------------+--------------+---------+-----------+------+--------------+-----------------------------------+--------------+
Note: For table entries with two numbers listed, the numbers in parentheses indicate the number of resources of the given type used by the specific entity alone. The numbers listed outside of parentheses indicate the total resources of the given type used by the specific entity and all of its sub-entities in the hierarchy.


+---------------------------------------------------------------------------+
; Registers Removed During Synthesis                                        ;
+----------------------------------------+----------------------------------+
; Register name                          ; Reason for Removal               ;
+----------------------------------------+----------------------------------+
; simple_cnt:counter|count[0]            ; Merged with PWM:led_pwm|count[0] ;
; simple_cnt:counter|count[1]            ; Merged with PWM:led_pwm|count[1] ;
; simple_cnt:counter|count[2]            ; Merged with PWM:led_pwm|count[2] ;
; simple_cnt:counter|count[3]            ; Merged with PWM:led_pwm|count[3] ;
; simple_cnt:counter|count[4]            ; Merged with PWM:led_pwm|count[4] ;
; simple_cnt:counter|count[5]            ; Merged with PWM:led_pwm|count[5] ;
; simple_cnt:counter|count[6]            ; Merged with PWM:led_pwm|count[6] ;
; simple_cnt:counter|count[7]            ; Merged with PWM:led_pwm|count[7] ;
; simple_cnt:counter|count[8]            ; Merged with PWM:led_pwm|count[8] ;
; simple_cnt:counter|count[9]            ; Merged with PWM:led_pwm|count[9] ;
; Total Number of Removed Registers = 10 ;                                  ;
+----------------------------------------+----------------------------------+


+------------------------------------------------------+
; General Register Statistics                          ;
+----------------------------------------------+-------+
; Statistic                                    ; Value ;
+----------------------------------------------+-------+
; Total registers                              ; 25    ;
; Number of registers using Synchronous Clear  ; 0     ;
; Number of registers using Synchronous Load   ; 0     ;
; Number of registers using Asynchronous Clear ; 25    ;
; Number of registers using Asynchronous Load  ; 0     ;
; Number of registers using Clock Enable       ; 0     ;
; Number of registers using Preset             ; 0     ;
+----------------------------------------------+-------+


+-----------------------------------------------------------------+
; Parameter Settings for User Entity Instance: simple_cnt:counter ;
+----------------+-------+----------------------------------------+
; Parameter Name ; Value ; Type                                   ;
+----------------+-------+----------------------------------------+
; SIZE           ; 21    ; Signed Integer                         ;
+----------------+-------+----------------------------------------+
Note: In order to hide this table in the UI and the text report file, please set the "Show Parameter Settings in Synthesis Report" option in "Analysis and Synthesis Settings -> More Settings" to "Off".


+------------------------------------------------------------------------------------------------------------------------------------------------------------------------------------------------------------+
; Port Connectivity Checks: "simple_cnt:counter"                                                                                                                                                             ;
+--------------+--------+----------+-------------------------------------------------------------------------------------------------------------------------------------------------------------------------+
; Port         ; Type   ; Severity ; Details                                                                                                                                                                 ;
+--------------+--------+----------+-------------------------------------------------------------------------------------------------------------------------------------------------------------------------+
; count        ; Output ; Warning  ; Output or bidir port (22 bits) is smaller than the port expression (28 bits) it drives.  The 6 most-significant bit(s) in the port expression will be connected to GND. ;
; count[15..0] ; Output ; Info     ; Connected to dangling logic. Logic that only feeds a dangling port will be removed.                                                                                     ;
+--------------+--------+----------+-------------------------------------------------------------------------------------------------------------------------------------------------------------------------+


+-------------------------------+
; Elapsed Time Per Partition    ;
+----------------+--------------+
; Partition Name ; Elapsed Time ;
+----------------+--------------+
; Top            ; 00:00:01     ;
+----------------+--------------+


+-------------------------------+
; Analysis & Synthesis Messages ;
+-------------------------------+
Info: *******************************************************************
Info: Running Quartus II 32-bit Analysis & Synthesis
    Info: Version 13.1.0 Build 162 10/23/2013 SJ Full Version
    Info: Processing started: Wed Apr 01 12:49:31 2015
Info: Command: quartus_map --read_settings_files=on --write_settings_files=off FirstFPGA -c FirstFPGA
Info (20030): Parallel compilation is enabled and will use 2 of the 2 processors detected
Info (12021): Found 1 design units, including 1 entities, in source file /ece551~2/src/simple_cnt.v
    Info (12023): Found entity 1: simple_cnt
Info (12021): Found 1 design units, including 1 entities, in source file /ece551~2/src/reset_synch.v
    Info (12023): Found entity 1: reset_synch
Info (12021): Found 1 design units, including 1 entities, in source file /ece551~2/src/ledblinkfpga.v
    Info (12023): Found entity 1: LEDBlinkFPGA
Info (12021): Found 2 design units, including 2 entities, in source file /ece551~2/src/pwm.v
    Info (12023): Found entity 1: PWM
    Info (12023): Found entity 2: PWM_tb
Info (12127): Elaborating entity "LEDBlinkFPGA" for the top level hierarchy
Warning (10230): Verilog HDL assignment warning at LEDBlinkFPGA.v(11): truncated value with size 32 to match size of target (1)
Warning (10230): Verilog HDL assignment warning at LEDBlinkFPGA.v(12): truncated value with size 32 to match size of target (1)
Warning (10230): Verilog HDL assignment warning at LEDBlinkFPGA.v(13): truncated value with size 32 to match size of target (1)
Warning (10230): Verilog HDL assignment warning at LEDBlinkFPGA.v(14): truncated value with size 32 to match size of target (1)
Warning (10230): Verilog HDL assignment warning at LEDBlinkFPGA.v(15): truncated value with size 32 to match size of target (1)
Warning (10230): Verilog HDL assignment warning at LEDBlinkFPGA.v(16): truncated value with size 32 to match size of target (1)
Warning (10230): Verilog HDL assignment warning at LEDBlinkFPGA.v(17): truncated value with size 32 to match size of target (1)
Warning (10230): Verilog HDL assignment warning at LEDBlinkFPGA.v(18): truncated value with size 32 to match size of target (1)
Info (12128): Elaborating entity "reset_synch" for hierarchy "reset_synch:rstsync"
Info (12128): Elaborating entity "simple_cnt" for hierarchy "simple_cnt:counter"
Warning (10230): Verilog HDL assignment warning at simple_cnt.v(13): truncated value with size 32 to match size of target (22)
Info (12128): Elaborating entity "PWM" for hierarchy "PWM:led_pwm"
Warning (10230): Verilog HDL assignment warning at PWM.v(12): truncated value with size 32 to match size of target (10)
Warning (12011): Net is missing source, defaulting to GND
    Warning (12110): Net "count[25]" is missing source, defaulting to GND
    Warning (12110): Net "count[24]" is missing source, defaulting to GND
    Warning (12110): Net "count[23]" is missing source, defaulting to GND
    Warning (12110): Net "count[22]" is missing source, defaulting to GND
Warning (12011): Net is missing source, defaulting to GND
    Warning (12110): Net "count[25]" is missing source, defaulting to GND
    Warning (12110): Net "count[24]" is missing source, defaulting to GND
    Warning (12110): Net "count[23]" is missing source, defaulting to GND
    Warning (12110): Net "count[22]" is missing source, defaulting to GND
Warning (12241): 1 hierarchies have connectivity warnings - see the Connectivity Checks report folder
Warning (13004): Presettable and clearable registers converted to equivalent circuits with latches. Registers power-up to an undefined state, and DEVCLRn places the registers in an undefined state.
    Warning (13310): Register "reset_synch:rstsync|rst_n" is converted into an equivalent circuit using register "reset_synch:rstsync|rst_n~_emulated" and latch "reset_synch:rstsync|rst_n~1"
Warning (13024): Output pins are stuck at VCC or GND
    Warning (13410): Pin "LEDs[0]" is stuck at GND
    Warning (13410): Pin "LEDs[1]" is stuck at GND
    Warning (13410): Pin "LEDs[2]" is stuck at GND
    Warning (13410): Pin "LEDs[3]" is stuck at GND
Info (286030): Timing-Driven Synthesis is running
Info (144001): Generated suppressed messages file U:/ECE551~2/fpga/FirstFPGA.map.smsg
Info (16010): Generating hard_block partition "hard_block:auto_generated_inst"
    Info (16011): Adding 0 node(s), including 0 DDIO, 0 PLL, 0 transceiver and 0 LCELL
Info (21057): Implemented 53 device resources after synthesis - the final resource count might be different
    Info (21058): Implemented 2 input pins
    Info (21059): Implemented 8 output pins
    Info (21061): Implemented 43 logic cells
Info: Quartus II 32-bit Analysis & Synthesis was successful. 0 errors, 28 warnings
    Info: Peak virtual memory: 369 megabytes
    Info: Processing ended: Wed Apr 01 12:49:44 2015
    Info: Elapsed time: 00:00:13
    Info: Total CPU time (on all processors): 00:00:03


+------------------------------------------+
; Analysis & Synthesis Suppressed Messages ;
+------------------------------------------+
The suppressed messages can be found in U:/ECE551~2/fpga/FirstFPGA.map.smsg.


